
# Example project with source and test in separate folders

. (root)
├── CMakeLists.txt
├── src
│   ├── CMakeLists.txt
│   └── multiply
│       ├── CMakeLists.txt
│       ├── include
│       │   └── multiply
│       │       └── multiply.h
│       └── multiply.cpp
└── tests
    ├── CMakeLists.txt
    └── multiply_test.cpp

# Assuming you're executing these commands from the root directory!
1. mkdir build && cd build
2. cmake ..

Example output...

	C:\Projects\googleTestPlay\my_proj_sep_src_tst>mkdir build && cd build

	C:\Projects\googleTestPlay\my_proj_sep_src_tst\build>cmake ..
	-- Building for: Visual Studio 17 2022
	-- Selecting Windows SDK version 10.0.22000.0 to target Windows 10.0.22621.
	-- The CXX compiler identification is MSVC 19.35.32215.0
	-- Detecting CXX compiler ABI info
	-- Detecting CXX compiler ABI info - done
	-- Check for working CXX compiler: C:/Program Files/Microsoft Visual Studio/2022/Community/VC/Tools/MSVC/14.35.32215/bin/Hostx64/x64/cl.exe - skipped
	-- Detecting CXX compile features
	-- Detecting CXX compile features - done
	-- The C compiler identification is MSVC 19.35.32215.0
	-- Detecting C compiler ABI info
	-- Detecting C compiler ABI info - done
	-- Check for working C compiler: C:/Program Files/Microsoft Visual Studio/2022/Community/VC/Tools/MSVC/14.35.32215/bin/Hostx64/x64/cl.exe - skipped
	-- Detecting C compile features
	-- Detecting C compile features - done
	-- Found Python: C:/Users/wlaba/miniconda3/python.exe (found version "3.9.5") found components: Interpreter
	-- Performing Test CMAKE_HAVE_LIBC_PTHREAD
	-- Performing Test CMAKE_HAVE_LIBC_PTHREAD - Failed
	-- Looking for pthread_create in pthreads
	-- Looking for pthread_create in pthreads - not found
	-- Looking for pthread_create in pthread
	-- Looking for pthread_create in pthread - not found
	-- Found Threads: TRUE
	-- Configuring done
	-- Generating done
	-- Build files have been written to: C:/Projects/googleTestPlay/my_proj_sep_src_tst/build

3. cmake --build .

Example output ...

	C:\Projects\googleTestPlay\my_proj_sep_src_tst\build>cmake --build .
	MSBuild version 17.5.0+6f08c67f3 for .NET Framework

	  Checking Build System
	  Building Custom Rule C:/Projects/googleTestPlay/my_proj_sep_src_tst/build/_deps/googletest-src/googlemock/CMakeLists.txt
	  gtest-all.cc
	  gmock-all.cc
	  Generating Code...
	  gmock.vcxproj -> C:\Projects\googleTestPlay\my_proj_sep_src_tst\build\lib\Debug\gmockd.lib
	  Building Custom Rule C:/Projects/googleTestPlay/my_proj_sep_src_tst/build/_deps/googletest-src/googlemock/CMakeLists.txt
	  gtest-all.cc
	  gmock-all.cc
	  gmock_main.cc
	  Generating Code...
	  gmock_main.vcxproj -> C:\Projects\googleTestPlay\my_proj_sep_src_tst\build\lib\Debug\gmock_maind.lib
	  Building Custom Rule C:/Projects/googleTestPlay/my_proj_sep_src_tst/build/_deps/googletest-src/googletest/CMakeLists.txt
	  gtest-all.cc
	  gtest.vcxproj -> C:\Projects\googleTestPlay\my_proj_sep_src_tst\build\lib\Debug\gtestd.lib
	  Building Custom Rule C:/Projects/googleTestPlay/my_proj_sep_src_tst/build/_deps/googletest-src/googletest/CMakeLists.txt
	  gtest_main.cc
	  gtest_main.vcxproj -> C:\Projects\googleTestPlay\my_proj_sep_src_tst\build\lib\Debug\gtest_maind.lib
	  Building Custom Rule C:/Projects/googleTestPlay/my_proj_sep_src_tst/src/multiply/CMakeLists.txt
	  multiply.cpp
	  multiply.vcxproj -> C:\Projects\googleTestPlay\my_proj_sep_src_tst\build\src\multiply\Debug\multiply.lib
	  Building Custom Rule C:/Projects/googleTestPlay/my_proj_sep_src_tst/tests/CMakeLists.txt
	  multiply_test.cpp
	  multiply_test.vcxproj -> C:\Projects\googleTestPlay\my_proj_sep_src_tst\build\tests\Debug\multiply_test.exe
	  Building Custom Rule C:/Projects/googleTestPlay/my_proj_sep_src_tst/CMakeLists.txt

4. ctest 

Example output ...

	C:\Projects\googleTestPlay\my_proj_sep_src_tst\build>ctest
	Test project C:/Projects/googleTestPlay/my_proj_sep_src_tst/build
		Start 1: multiply_gtests
	1/1 Test #1: multiply_gtests ..................   Passed    0.74 sec

	100% tests passed, 0 tests failed out of 1

	Total Test time (real) =   0.75 sec

5. ctest --rerun-failed --output-on-failure (options to rerun ctest)

6. Updated multiply_test.cpp to intentionaly fail a test...

	C:\Projects\googleTestPlay\my_proj_sep_src_tst\build>cmake --build .
	MSBuild version 17.5.0+6f08c67f3 for .NET Framework

	  Checking Build System
	  gmock.vcxproj -> C:\Projects\googleTestPlay\my_proj_sep_src_tst\build\lib\Debug\gmockd.lib
	  gmock_main.vcxproj -> C:\Projects\googleTestPlay\my_proj_sep_src_tst\build\lib\Debug\gmock_maind.lib
	  gtest.vcxproj -> C:\Projects\googleTestPlay\my_proj_sep_src_tst\build\lib\Debug\gtestd.lib
	  gtest_main.vcxproj -> C:\Projects\googleTestPlay\my_proj_sep_src_tst\build\lib\Debug\gtest_maind.lib
	  multiply.vcxproj -> C:\Projects\googleTestPlay\my_proj_sep_src_tst\build\src\multiply\Debug\multiply.lib
	  multiply_test.cpp
	  multiply_test.vcxproj -> C:\Projects\googleTestPlay\my_proj_sep_src_tst\build\tests\Debug\multiply_test.exe
	  Building Custom Rule C:/Projects/googleTestPlay/my_proj_sep_src_tst/CMakeLists.txt

	C:\Projects\googleTestPlay\my_proj_sep_src_tst\build>ctest --rerun-failed --output-on-failure
	Test project C:/Projects/googleTestPlay/my_proj_sep_src_tst/build
	Problem reading file: C:/Projects/googleTestPlay/my_proj_sep_src_tst/build/Testing/Temporary/ while generating list of previously failed tests.
		Start 1: multiply_gtests
	1/1 Test #1: multiply_gtests ..................***Failed    0.67 sec
	[==========] Running 3 tests from 1 test suite.
	[----------] Global test environment set-up.
	[----------] 3 tests from MultiplyTests
	[ RUN      ] MultiplyTests.TestIntegerOne_One
	[       OK ] MultiplyTests.TestIntegerOne_One (0 ms)
	[ RUN      ] MultiplyTests.TestIntegerZero_Zero
	C:\Projects\googleTestPlay\my_proj_sep_src_tst\tests\multiply_test.cpp(15): error: Expected equality of these values:
	  expected
		Which is: 8
	  actual
		Which is: 0
	[  FAILED  ] MultiplyTests.TestIntegerZero_Zero (0 ms)
	[ RUN      ] MultiplyTests.TestIntegerZero_One
	[       OK ] MultiplyTests.TestIntegerZero_One (0 ms)
	[----------] 3 tests from MultiplyTests (0 ms total)

	[----------] Global test environment tear-down
	[==========] 3 tests from 1 test suite ran. (0 ms total)
	[  PASSED  ] 2 tests.
	[  FAILED  ] 1 test, listed below:
	[  FAILED  ] MultiplyTests.TestIntegerZero_Zero
	
